[08:25:26] [main/INFO]: Loading tweak class name net.minecraftforge.fml.common.launcher.FMLTweaker
[08:25:26] [main/INFO]: Using primary tweak class name net.minecraftforge.fml.common.launcher.FMLTweaker
[08:25:26] [main/INFO]: Calling tweak class net.minecraftforge.fml.common.launcher.FMLTweaker
[08:25:26] [main/INFO]: Forge Mod Loader version 14.23.5.2821 for Minecraft 1.12.2 loading
[08:25:26] [main/INFO]: Java is Java HotSpot(TM) 64-Bit Server VM, version 1.8.0_51, running on Windows 10:amd64:10.0, installed at C:\Users\mathe\Twitch\Minecraft\Install\runtime\jre-x64
[08:25:27] [main/INFO]: Searching C:\Users\mathe\Twitch\Minecraft\Instances\New NTC\mods for mods
[08:25:27] [main/WARN]: Found FMLCorePluginContainsFMLMod marker in AdvancedRocketry-1.12.2-1.6.0-164-universal.jar. This is not recommended, @Mods should be in a separate jar from the coremod.
[08:25:27] [main/WARN]: The coremod AdvancedRocketryPlugin (zmaster587.advancedRocketry.asm.AdvancedRocketryPlugin) is not signed!
[08:25:27] [main/WARN]: Found FMLCorePluginContainsFMLMod marker in AppleCore-mc1.12.2-3.2.0.jar. This is not recommended, @Mods should be in a separate jar from the coremod.
[08:25:27] [main/WARN]: The coremod AppleCore (squeek.applecore.AppleCore) is not signed!
[08:25:27] [main/INFO]: Loading tweaker guichaguri.betterfps.tweaker.BetterFpsTweaker from BetterFps-1.4.8.jar
[08:25:27] [main/WARN]: Found FMLCorePluginContainsFMLMod marker in CreativeCore_v1.10.10_mc1.12.2.jar. This is not recommended, @Mods should be in a separate jar from the coremod.
[08:25:27] [main/WARN]: The coremod com.creativemd.creativecore.core.CreativePatchingLoader does not have a MCVersion annotation, it may cause issues with this version of Minecraft
[08:25:27] [main/WARN]: The coremod CreativePatchingLoader (com.creativemd.creativecore.core.CreativePatchingLoader) is not signed!
[08:25:27] [main/WARN]: Found FMLCorePluginContainsFMLMod marker in CTM-MC1.12.2-0.3.3.22.jar. This is not recommended, @Mods should be in a separate jar from the coremod.
[08:25:27] [main/WARN]: The coremod team.chisel.ctm.client.asm.CTMCorePlugin does not have a MCVersion annotation, it may cause issues with this version of Minecraft
[08:25:27] [main/WARN]: The coremod CTMCorePlugin (team.chisel.ctm.client.asm.CTMCorePlugin) is not signed!
[08:25:27] [main/WARN]: Found FMLCorePluginContainsFMLMod marker in foamfix-0.10.5-1.12.2.jar. This is not recommended, @Mods should be in a separate jar from the coremod.
[08:25:27] [main/WARN]: The coremod pl.asie.foamfix.coremod.FoamFixCore does not have a MCVersion annotation, it may cause issues with this version of Minecraft
[08:25:27] [main/WARN]: Found FMLCorePluginContainsFMLMod marker in Forgelin-1.8.3.jar. This is not recommended, @Mods should be in a separate jar from the coremod.
[08:25:27] [main/WARN]: The coremod net.shadowfacts.forgelin.preloader.ForgelinPlugin does not have a MCVersion annotation, it may cause issues with this version of Minecraft
[08:25:27] [main/WARN]: The coremod ForgelinPlugin (net.shadowfacts.forgelin.preloader.ForgelinPlugin) is not signed!
[08:25:27] [main/WARN]: The coremod com.thiakil.gottagofast.coremod.GottaGoFastLoader does not have a MCVersion annotation, it may cause issues with this version of Minecraft
[08:25:27] [main/WARN]: Found FMLCorePluginContainsFMLMod marker in HammerCore-1.12.2-2.0.4.7.jar. This is not recommended, @Mods should be in a separate jar from the coremod.
[08:25:27] [main/WARN]: Found FMLCorePluginContainsFMLMod marker in HardcoreBuoy-1.12-1.0.4.jar. This is not recommended, @Mods should be in a separate jar from the coremod.
[08:25:27] [main/WARN]: The coremod betterwithmods.core.LoadingPlugin does not have a MCVersion annotation, it may cause issues with this version of Minecraft
[08:25:27] [main/WARN]: The coremod LoadingPlugin (betterwithmods.core.LoadingPlugin) is not signed!
[08:25:27] [main/WARN]: Found FMLCorePluginContainsFMLMod marker in HardcoreDarkness-MC1.12.2-2.0.jar. This is not recommended, @Mods should be in a separate jar from the coremod.
[08:25:27] [main/WARN]: The coremod lumien.hardcoredarkness.asm.LoadingPlugin does not have a MCVersion annotation, it may cause issues with this version of Minecraft
[08:25:27] [main/WARN]: The coremod com.creativemd.itemphysic.ItemPatchingLoader does not have a MCVersion annotation, it may cause issues with this version of Minecraft
[08:25:27] [main/WARN]: The coremod ItemPatchingLoader (com.creativemd.itemphysic.ItemPatchingLoader) is not signed!
[08:25:27] [main/WARN]: Found FMLCorePluginContainsFMLMod marker in Mekanism-1.12.2-9.8.3.390.jar. This is not recommended, @Mods should be in a separate jar from the coremod.
[08:25:27] [main/WARN]: The coremod mekanism.coremod.MekanismCoremod does not have a MCVersion annotation, it may cause issues with this version of Minecraft
[08:25:27] [main/WARN]: The coremod MekanismCoremod (mekanism.coremod.MekanismCoremod) is not signed!
[08:25:27] [main/WARN]: Found FMLCorePluginContainsFMLMod marker in OpenModsLib-1.12.2-0.12.2.jar. This is not recommended, @Mods should be in a separate jar from the coremod.
[08:25:27] [main/WARN]: The coremod openmods.core.OpenModsCorePlugin does not have a MCVersion annotation, it may cause issues with this version of Minecraft
[08:25:27] [main/INFO]: Loading tweaker optifine.OptiFineForgeTweaker from OptiFine_1.12.2_HD_U_E3.jar
[08:25:27] [main/WARN]: Found FMLCorePluginContainsFMLMod marker in p455w0rdslib-1.12.2-2.2.156.jar. This is not recommended, @Mods should be in a separate jar from the coremod.
[08:25:27] [main/WARN]: Found FMLCorePluginContainsFMLMod marker in ResourceLoader-MC1.12.1-1.5.3.jar. This is not recommended, @Mods should be in a separate jar from the coremod.
[08:25:27] [main/WARN]: The coremod lumien.resourceloader.asm.LoadingPlugin does not have a MCVersion annotation, it may cause issues with this version of Minecraft
[08:25:27] [main/WARN]: Found FMLCorePluginContainsFMLMod marker in SereneSeasons-1.12.2-1.2.2-universal.jar. This is not recommended, @Mods should be in a separate jar from the coremod.
[08:25:27] [main/WARN]: The coremod sereneseasons.asm.SSLoadingPlugin does not have a MCVersion annotation, it may cause issues with this version of Minecraft
[08:25:27] [main/WARN]: The coremod SSLoadingPlugin (sereneseasons.asm.SSLoadingPlugin) is not signed!
[08:25:27] [main/WARN]: Found FMLCorePluginContainsFMLMod marker in Sound-Physics-Mod-1.12.2.jar. This is not recommended, @Mods should be in a separate jar from the coremod.
[08:25:27] [main/WARN]: The coremod CoreModLoader (com.sonicether.soundphysics.CoreModLoader) is not signed!
[08:25:27] [main/INFO]: Loading tweaker org.spongepowered.asm.launch.MixinTweaker from phosphor-1.12.2-0.2.6+build50-universal.jar
[08:25:27] [main/INFO]: Loading tweak class name net.minecraftforge.fml.common.launcher.FMLInjectionAndSortingTweaker
[08:25:27] [main/INFO]: Loading tweak class name guichaguri.betterfps.tweaker.BetterFpsTweaker
[08:25:27] [main/INFO]: Loading tweak class name optifine.OptiFineForgeTweaker
[08:25:27] [main/INFO]: Loading tweak class name org.spongepowered.asm.launch.MixinTweaker
[08:25:27] [main/INFO]: SpongePowered MIXIN Subsystem Version=0.7.11 Source=file:/C:/Users/mathe/Twitch/Minecraft/Instances/New%20NTC/mods/phosphor-1.12.2-0.2.6+build50-universal.jar Service=LaunchWrapper Env=CLIENT
[08:25:27] [main/DEBUG]: Instantiating coremod class PhosphorFMLLoadingPlugin
[08:25:27] [main/DEBUG]: The coremod me.jellysquid.mods.phosphor.core.PhosphorFMLLoadingPlugin requested minecraft version 1.12.2 and minecraft is 1.12.2. It will be loaded.
[08:25:27] [main/DEBUG]: Found signing certificates for coremod PhosphorFMLLoadingPlugin (me.jellysquid.mods.phosphor.core.PhosphorFMLLoadingPlugin)
[08:25:27] [main/DEBUG]: Found certificate f0387d288626cc2d937daa504e74af570c52a2f1
[08:25:27] [main/DEBUG]: Enqueued coremod PhosphorFMLLoadingPlugin
[08:25:28] [main/INFO]: Loading tweak class name net.minecraftforge.fml.common.launcher.FMLDeobfTweaker
[08:25:28] [main/INFO]: Calling tweak class net.minecraftforge.fml.common.launcher.FMLInjectionAndSortingTweaker
[08:25:28] [main/INFO]: Calling tweak class net.minecraftforge.fml.common.launcher.FMLInjectionAndSortingTweaker
[08:25:28] [main/INFO]: Calling tweak class optifine.OptiFineForgeTweaker
[08:25:28] [main/INFO]: [optifine.OptiFineForgeTweaker:dbg:56]: OptiFineForgeTweaker: acceptOptions
[08:25:28] [main/INFO]: [optifine.OptiFineForgeTweaker:dbg:56]: OptiFineForgeTweaker: injectIntoClassLoader
[08:25:28] [main/INFO]: [optifine.OptiFineClassTransformer:dbg:221]: OptiFine ClassTransformer
[08:25:28] [main/INFO]: [optifine.OptiFineClassTransformer:dbg:221]: OptiFine ZIP file: C:\Users\mathe\Twitch\Minecraft\Instances\New NTC\mods\OptiFine_1.12.2_HD_U_E3.jar
[08:25:28] [main/INFO]: Calling tweak class net.minecraftforge.fml.relauncher.CoreModManager$FMLPluginWrapper
[08:25:28] [main/DEBUG]: Injecting coremod FMLCorePlugin \{net.minecraftforge.fml.relauncher.FMLCorePlugin\} class transformers
[08:25:28] [main/TRACE]: Registering transformer net.minecraftforge.fml.common.asm.transformers.SideTransformer
[08:25:28] [main/TRACE]: Registering transformer net.minecraftforge.fml.common.asm.transformers.EventSubscriptionTransformer
[08:25:28] [main/TRACE]: Registering transformer net.minecraftforge.fml.common.asm.transformers.EventSubscriberTransformer
[08:25:28] [main/TRACE]: Registering transformer net.minecraftforge.fml.common.asm.transformers.SoundEngineFixTransformer
[08:25:28] [main/DEBUG]: Injection complete
[08:25:28] [main/DEBUG]: Running coremod plugin for FMLCorePlugin \{net.minecraftforge.fml.relauncher.FMLCorePlugin\}
[08:25:28] [main/DEBUG]: Running coremod plugin FMLCorePlugin
[08:25:30] [main/INFO]: Found valid fingerprint for Minecraft Forge. Certificate fingerprint e3c3d50c7c986df74c645c0ac54639741c90a557
[08:25:30] [main/INFO]: Found valid fingerprint for Minecraft. Certificate fingerprint cd99959656f753dc28d863b46769f7f8fbaefcfc
[08:25:30] [main/DEBUG]: Coremod plugin class FMLCorePlugin run successfully
[08:25:30] [main/INFO]: Calling tweak class net.minecraftforge.fml.relauncher.CoreModManager$FMLPluginWrapper
[08:25:30] [main/DEBUG]: Injecting coremod FMLForgePlugin \{net.minecraftforge.classloading.FMLForgePlugin\} class transformers
[08:25:30] [main/DEBUG]: Injection complete
[08:25:30] [main/DEBUG]: Running coremod plugin for FMLForgePlugin \{net.minecraftforge.classloading.FMLForgePlugin\}
[08:25:30] [main/DEBUG]: Running coremod plugin FMLForgePlugin
[08:25:30] [main/DEBUG]: Coremod plugin class FMLForgePlugin run successfully
[08:25:30] [main/INFO]: Calling tweak class net.minecraftforge.fml.relauncher.CoreModManager$FMLPluginWrapper
[08:25:30] [main/DEBUG]: Injecting coremod AdvancedRocketryPlugin \{zmaster587.advancedRocketry.asm.AdvancedRocketryPlugin\} class transformers
[08:25:30] [main/TRACE]: Registering transformer zmaster587.advancedRocketry.asm.ClassTransformer
[08:25:30] [main/DEBUG]: Injection complete
[08:25:30] [main/DEBUG]: Running coremod plugin for AdvancedRocketryPlugin \{zmaster587.advancedRocketry.asm.AdvancedRocketryPlugin\}
[08:25:30] [main/DEBUG]: Running coremod plugin AdvancedRocketryPlugin
[08:25:30] [main/DEBUG]: Coremod plugin class AdvancedRocketryPlugin run successfully
[08:25:30] [main/INFO]: Calling tweak class net.minecraftforge.fml.relauncher.CoreModManager$FMLPluginWrapper
[08:25:30] [main/DEBUG]: Injecting coremod CreativePatchingLoader \{com.creativemd.creativecore.core.CreativePatchingLoader\} class transformers
[08:25:30] [main/DEBUG]: Injection complete
[08:25:30] [main/DEBUG]: Running coremod plugin for CreativePatchingLoader \{com.creativemd.creativecore.core.CreativePatchingLoader\}
[08:25:30] [main/DEBUG]: Running coremod plugin CreativePatchingLoader
[08:25:30] [main/DEBUG]: Coremod plugin class CreativePatchingLoader run successfully
[08:25:30] [main/INFO]: Calling tweak class net.minecraftforge.fml.relauncher.CoreModManager$FMLPluginWrapper
[08:25:30] [main/DEBUG]: Injecting coremod ForgelinPlugin \{net.shadowfacts.forgelin.preloader.ForgelinPlugin\} class transformers
[08:25:30] [main/DEBUG]: Injection complete
[08:25:30] [main/DEBUG]: Running coremod plugin for ForgelinPlugin \{net.shadowfacts.forgelin.preloader.ForgelinPlugin\}
[08:25:30] [main/DEBUG]: Running coremod plugin ForgelinPlugin
[08:25:30] [main/DEBUG]: Coremod plugin class ForgelinPlugin run successfully
[08:25:30] [main/INFO]: Calling tweak class net.minecraftforge.fml.relauncher.CoreModManager$FMLPluginWrapper
[08:25:30] [main/DEBUG]: Injecting coremod HCASM \{com.zeitheron.hammercore.asm.HCASM\} class transformers
[08:25:30] [main/TRACE]: Registering transformer com.zeitheron.hammercore.asm.HammerCoreTransformer
[08:25:30] [main/DEBUG]: Injection complete
[08:25:30] [main/DEBUG]: Running coremod plugin for HCASM \{com.zeitheron.hammercore.asm.HCASM\}
[08:25:30] [main/DEBUG]: Running coremod plugin HCASM
[08:25:30] [main/DEBUG]: Coremod plugin class HCASM run successfully
[08:25:30] [main/INFO]: Calling tweak class net.minecraftforge.fml.relauncher.CoreModManager$FMLPluginWrapper
[08:25:30] [main/DEBUG]: Injecting coremod LoadingPlugin \{betterwithmods.core.LoadingPlugin\} class transformers
[08:25:30] [main/TRACE]: Registering transformer betterwithmods.core.ClassTransformer
[08:25:30] [main/DEBUG]: Injection complete
[08:25:30] [main/DEBUG]: Running coremod plugin for LoadingPlugin \{betterwithmods.core.LoadingPlugin\}
[08:25:30] [main/DEBUG]: Running coremod plugin LoadingPlugin
[08:25:30] [main/DEBUG]: Coremod plugin class LoadingPlugin run successfully
[08:25:30] [main/INFO]: Calling tweak class net.minecraftforge.fml.relauncher.CoreModManager$FMLPluginWrapper
[08:25:30] [main/DEBUG]: Injecting coremod ItemPatchingLoader \{com.creativemd.itemphysic.ItemPatchingLoader\} class transformers
[08:25:30] [main/TRACE]: Registering transformer com.creativemd.itemphysic.ItemTransformer
[08:25:30] [main/DEBUG]: Injection complete
[08:25:30] [main/DEBUG]: Running coremod plugin for ItemPatchingLoader \{com.creativemd.itemphysic.ItemPatchingLoader\}
[08:25:30] [main/DEBUG]: Running coremod plugin ItemPatchingLoader
[08:25:30] [main/DEBUG]: Coremod plugin class ItemPatchingLoader run successfully
[08:25:30] [main/INFO]: Calling tweak class net.minecraftforge.fml.relauncher.CoreModManager$FMLPluginWrapper
[08:25:30] [main/DEBUG]: Injecting coremod SSLoadingPlugin \{sereneseasons.asm.SSLoadingPlugin\} class transformers
[08:25:30] [main/TRACE]: Registering transformer sereneseasons.asm.transformer.EntityRendererTransformer
[08:25:30] [main/TRACE]: Registering transformer sereneseasons.asm.transformer.WorldTransformer
[08:25:30] [main/DEBUG]: Injection complete
[08:25:30] [main/DEBUG]: Running coremod plugin for SSLoadingPlugin \{sereneseasons.asm.SSLoadingPlugin\}
[08:25:30] [main/DEBUG]: Running coremod plugin SSLoadingPlugin
[08:25:30] [main/DEBUG]: Coremod plugin class SSLoadingPlugin run successfully
[08:25:30] [main/INFO]: Calling tweak class net.minecraftforge.fml.relauncher.CoreModManager$FMLPluginWrapper
[08:25:30] [main/DEBUG]: Injecting coremod CoreModLoader \{com.sonicether.soundphysics.CoreModLoader\} class transformers
[08:25:30] [main/TRACE]: Registering transformer com.sonicether.soundphysics.CoreModInjector
[08:25:30] [main/DEBUG]: Injection complete
[08:25:30] [main/DEBUG]: Running coremod plugin for CoreModLoader \{com.sonicether.soundphysics.CoreModLoader\}
[08:25:30] [main/DEBUG]: Running coremod plugin CoreModLoader
[08:25:30] [main/DEBUG]: Coremod plugin class CoreModLoader run successfully
[08:25:30] [main/INFO]: Calling tweak class org.spongepowered.asm.launch.MixinTweaker
[08:25:30] [main/INFO]: Initialised Mixin FML Remapper Adapter with net.minecraftforge.fml.common.asm.transformers.deobf.FMLDeobfuscatingRemapper@10fbbdb
[08:25:30] [main/DEBUG]: Injecting coremod PhosphorFMLLoadingPlugin \{me.jellysquid.mods.phosphor.core.PhosphorFMLLoadingPlugin\} class transformers
[08:25:30] [main/DEBUG]: Injection complete
[08:25:30] [main/DEBUG]: Running coremod plugin for PhosphorFMLLoadingPlugin \{me.jellysquid.mods.phosphor.core.PhosphorFMLLoadingPlugin\}
[08:25:30] [main/DEBUG]: Running coremod plugin PhosphorFMLLoadingPlugin
[08:25:30] [main/INFO]: Compatibility level set to JAVA_8
[08:25:30] [main/DEBUG]: Coremod plugin class PhosphorFMLLoadingPlugin run successfully
[08:25:30] [main/INFO]: Calling tweak class net.minecraftforge.fml.relauncher.CoreModManager$FMLPluginWrapper
[08:25:30] [main/DEBUG]: Injecting coremod OpenModsCorePlugin \{openmods.core.OpenModsCorePlugin\} class transformers
[08:25:30] [main/TRACE]: Registering transformer openmods.core.OpenModsClassTransformer
[08:25:30] [main/DEBUG]: Injection complete
[08:25:30] [main/DEBUG]: Running coremod plugin for OpenModsCorePlugin \{openmods.core.OpenModsCorePlugin\}
[08:25:30] [main/DEBUG]: Running coremod plugin OpenModsCorePlugin
[08:25:30] [main/DEBUG]: Coremod plugin class OpenModsCorePlugin run successfully
[08:25:30] [main/INFO]: Calling tweak class guichaguri.betterfps.tweaker.BetterFpsTweaker
[08:25:30] [main/INFO]: Calling tweak class net.minecraftforge.fml.common.launcher.FMLDeobfTweaker
[08:25:30] [main/ERROR]: A critical problem occurred registering the ASM transformer class 
java.lang.ClassNotFoundException: 
	at net.minecraft.launchwrapper.LaunchClassLoader.findClass(LaunchClassLoader.java:191) ~[launchwrapper-1.12.jar:?]
	at java.lang.ClassLoader.loadClass(ClassLoader.java:424) ~[?:1.8.0_51]
	at java.lang.ClassLoader.loadClass(ClassLoader.java:357) ~[?:1.8.0_51]
	at net.minecraft.launchwrapper.LaunchClassLoader.registerTransformer(LaunchClassLoader.java:88) [launchwrapper-1.12.jar:?]
	at net.minecraftforge.fml.common.launcher.FMLDeobfTweaker.injectIntoClassLoader(FMLDeobfTweaker.java:46) [forge-1.12.2-14.23.5.2821.jar:?]
	at net.minecraft.launchwrapper.Launch.launch(Launch.java:115) [launchwrapper-1.12.jar:?]
	at net.minecraft.launchwrapper.Launch.main(Launch.java:28) [launchwrapper-1.12.jar:?]
Caused by: java.lang.NullPointerException
	at net.minecraft.launchwrapper.LaunchClassLoader.findClass(LaunchClassLoader.java:182) ~[launchwrapper-1.12.jar:?]
	... 6 more
[08:25:30] [main/DEBUG]: Validating minecraft
[08:25:31] [main/INFO]: Calling tweak class net.minecraftforge.fml.relauncher.CoreModManager$FMLPluginWrapper
[08:25:31] [main/INFO]: Calling tweak class net.minecraftforge.fml.relauncher.CoreModManager$FMLPluginWrapper
[08:25:31] [main/INFO]: Calling tweak class net.minecraftforge.fml.relauncher.CoreModManager$FMLPluginWrapper
[08:25:31] [main/INFO]: Calling tweak class net.minecraftforge.fml.relauncher.CoreModManager$FMLPluginWrapper
[08:25:31] [main/INFO]: Calling tweak class net.minecraftforge.fml.relauncher.CoreModManager$FMLPluginWrapper
[08:25:31] [main/INFO]: Calling tweak class net.minecraftforge.fml.relauncher.CoreModManager$FMLPluginWrapper
[08:25:31] [main/INFO]: Calling tweak class net.minecraftforge.fml.relauncher.CoreModManager$FMLPluginWrapper
[08:25:31] [main/INFO]: Calling tweak class net.minecraftforge.fml.relauncher.CoreModManager$FMLPluginWrapper
[08:25:31] [main/INFO]: Calling tweak class net.minecraftforge.fml.relauncher.CoreModManager$FMLPluginWrapper
[08:25:31] [main/INFO]: Loading tweak class name net.minecraftforge.fml.common.launcher.TerminalTweaker
[08:25:31] [main/INFO]: Loading tweak class name org.spongepowered.asm.mixin.EnvironmentStateTweaker
[08:25:31] [main/INFO]: Calling tweak class net.minecraftforge.fml.common.launcher.TerminalTweaker
[08:25:31] [main/INFO]: Calling tweak class org.spongepowered.asm.mixin.EnvironmentStateTweaker
[08:25:31] [main/INFO]: [optifine.OptiFineForgeTweaker:dbg:56]: OptiFineForgeTweaker: getLaunchArguments
[08:25:31] [main/INFO]: Patching net.minecraft.client.Minecraft... (bib)
[08:25:31] [main/INFO]: A re-entrant transformer 'guichaguri.betterfps.transformers.PatcherTransformer' was detected and will no longer process meta class data
[08:25:31] [main/INFO]: A re-entrant transformer '$wrapper.lumien.resourceloader.asm.ClassTransformer' was detected and will no longer process meta class data
[08:25:31] [main/INFO]: [pl.asie.patchy.helpers.ConstructorReplacingTransformer$FFMethodVisitor:visitTypeInsn:73]: Replaced NEW for net/minecraft/util/ClassInheritanceMultiMap to pl/asie/foamfix/coremod/common/FoamyClassInheritanceMultiMap
[08:25:31] [main/INFO]: [pl.asie.patchy.helpers.ConstructorReplacingTransformer$FFMethodVisitor:visitMethodInsn:85]: Replaced INVOKESPECIAL for net/minecraft/util/ClassInheritanceMultiMap to pl/asie/foamfix/coremod/common/FoamyClassInheritanceMultiMap
[08:25:31] [main/INFO]: A re-entrant transformer '$wrapper.pl.asie.foamfix.coremod.FoamFixTransformer' was detected and will no longer process meta class data
[08:25:31] [main/INFO]: Transforming Class [net.minecraft.world.chunk.storage.ExtendedBlockStorage], Method [func_76663_a]
[08:25:31] [main/INFO]: Transforming net.minecraft.world.chunk.storage.ExtendedBlockStorage Finished.
[08:25:31] [main/INFO]: A re-entrant transformer '$wrapper.sereneseasons.asm.transformer.WorldTransformer' was detected and will no longer process meta class data
[08:25:32] [main/INFO]: Launching wrapped minecraft {net.minecraft.client.main.Main}
[08:25:32] [main/INFO]: Patching net.minecraft.client.Minecraft... (bib)
[08:25:32] [main/INFO]: [pl.asie.foamfix.coremod.FoamFixTransformer:spliceClasses:124]: Added INTERFACE: pl/asie/foamfix/coremod/patches/IFoamFixWorldRemovable
[08:25:32] [main/INFO]: [pl.asie.foamfix.coremod.FoamFixTransformer:spliceClasses:161]: Added METHOD: net.minecraft.world.World.foamfix_removeUnloadedEntities
[08:25:32] [main/INFO]: [com.creativemd.creativecore.transformer.CreativeTransformer:transform:49]: [itemphysic] Patched net.minecraft.client.entity.EntityPlayerSP ...
[08:25:32] [main/INFO]: Patching net.minecraft.client.entity.EntityPlayerSP... (bud)
[08:25:32] [main/INFO]: Transforming net.minecraft.entity.player.EntityPlayer finished, added func_184613_cA() overriding EntityLivingBase
[08:25:32] [main/INFO]: Transforming net.minecraft.entity.EntityLivingBase (vp)...
[08:25:32] [main/INFO]:   -Patching EntityLivingBase
[08:25:32] [main/INFO]:     -Modified method 'onItemUseFinish': added event call.
[08:25:32] [main/INFO]: [pl.asie.foamfix.coremod.patches.WorldServerRemovalPatch:apply:62]: Patched updateEntities in net/minecraft/world/WorldServer func_72939_s
[08:25:32] [main/INFO]: [pl.asie.foamfix.coremod.FoamFixTransformer:spliceClasses:137]: Spliced in METHOD: net.minecraft.client.util.SearchTreeManager.func_110549_a
[08:25:32] [main/INFO]: Transforming net.minecraftforge.client.ForgeHooksClient (net.minecraftforge.client.ForgeHooksClient)...
[08:25:32] [main/INFO]:   -Patching ForgeHooksClient
[08:25:33] [main/INFO]: [team.chisel.ctm.client.asm.CTMTransformer:preTransform:230]: Transforming Class [net.minecraftforge.client.ForgeHooksClient], Method [getDamageModel]
[08:25:33] [main/INFO]: [team.chisel.ctm.client.asm.CTMTransformer:finishTransform:242]: Transforming net.minecraftforge.client.ForgeHooksClient Finished.
[08:25:33] [Client thread/INFO]: Setting user: Falkaga
[08:25:33] [Client thread/INFO]: Patching net.minecraft.block.Block... (aow)
[08:25:33] [Client thread/INFO]: [team.chisel.ctm.client.asm.CTMTransformer:preTransform:230]: Transforming Class [net.minecraft.block.Block], Method [getExtendedState]
[08:25:33] [Client thread/INFO]: [team.chisel.ctm.client.asm.CTMTransformer:finishTransform:242]: Transforming net.minecraft.block.Block Finished.
[08:25:33] [Client thread/INFO]: [Hardcore Buoy ASM] Applying Transformation to method (Names [onUpdate, func_70071_h_, B_] Descriptor ()V / ()V)
[08:25:33] [Client thread/INFO]: [Hardcore Buoy ASM] <init>-(Lamu;DDD)V func_70071_h_-B_-()V
[08:25:33] [Client thread/INFO]: [Hardcore Buoy ASM] <init>-(Lamu;DDDLaip;)V func_70071_h_-B_-()V
[08:25:33] [Client thread/INFO]: [Hardcore Buoy ASM] ak-()Z func_70071_h_-B_-()V
[08:25:33] [Client thread/INFO]: [Hardcore Buoy ASM] <init>-(Lamu;)V func_70071_h_-B_-()V
[08:25:33] [Client thread/INFO]: [Hardcore Buoy ASM] i-()V func_70071_h_-B_-()V
[08:25:33] [Client thread/INFO]: [Hardcore Buoy ASM] B_-()V func_70071_h_-B_-()V
[08:25:33] [Client thread/INFO]: [Hardcore Buoy ASM] Located Method, patching...
[08:25:33] [Client thread/INFO]: [Hardcore Buoy ASM] Located patch target node PUTFIELD acl.t : D
[08:25:33] [Client thread/INFO]: [Hardcore Buoy ASM] Patch result: true
[08:25:33] [Client thread/INFO]: [com.creativemd.creativecore.transformer.CreativeTransformer:transform:49]: [itemphysic] Patched net.minecraft.entity.item.EntityItem ...
[08:25:33] [Client thread/INFO]: [com.creativemd.creativecore.transformer.CreativeTransformer:transform:49]: [itemphysic] Patched net.minecraft.entity.item.EntityItem ...
[08:25:33] [Client thread/INFO]: [pl.asie.foamfix.coremod.FoamFixTransformer:spliceClasses:137]: Spliced in METHOD: net.minecraft.block.state.BlockStateContainer.createState
[08:25:33] [Client thread/INFO]: [pl.asie.foamfix.coremod.FoamFixTransformer:spliceClasses:137]: Spliced in METHOD: net.minecraft.block.properties.PropertyEnum.equals
[08:25:33] [Client thread/INFO]: [pl.asie.foamfix.coremod.FoamFixTransformer:spliceClasses:137]: Spliced in METHOD: net.minecraft.block.properties.PropertyEnum.hashCode
[08:25:33] [Client thread/INFO]: [pl.asie.foamfix.coremod.FoamFixTransformer:spliceClasses:184]: Added FIELD: net.minecraft.block.properties.PropertyEnum.foamfix_hashCode
[08:25:33] [Client thread/INFO]: [pl.asie.foamfix.coremod.FoamFixTransformer:spliceClasses:184]: Added FIELD: net.minecraft.block.properties.PropertyEnum.foamfix_hashCode_calced
[08:25:33] [Client thread/INFO]: [pl.asie.foamfix.coremod.FoamFixTransformer:spliceClasses:137]: Spliced in METHOD: net.minecraft.block.properties.PropertyInteger.hashCode
[08:25:33] [Client thread/INFO]: [pl.asie.foamfix.coremod.FoamFixTransformer:spliceClasses:184]: Added FIELD: net.minecraft.block.properties.PropertyInteger.foamfix_hashCode
[08:25:33] [Client thread/INFO]: [pl.asie.foamfix.coremod.FoamFixTransformer:spliceClasses:184]: Added FIELD: net.minecraft.block.properties.PropertyInteger.foamfix_hashCode_calced
[08:25:33] [Client thread/INFO]: [pl.asie.foamfix.coremod.FoamFixTransformer:spliceClasses:137]: Spliced in METHOD: net.minecraft.block.properties.PropertyBool.equals
[08:25:33] [Client thread/INFO]: [pl.asie.foamfix.coremod.FoamFixTransformer:spliceClasses:137]: Spliced in METHOD: net.minecraft.block.properties.PropertyBool.hashCode
[08:25:33] [Client thread/INFO]: Patching math utils with "RIVENS_FULL" algorithm
[08:25:34] [Client thread/INFO]: [pl.asie.foamfix.coremod.FoamFixTransformer:spliceClasses:137]: Spliced in METHOD: net.minecraft.tileentity.TileEntity.func_190559_a
[08:25:34] [Client thread/INFO]: Transforming net.minecraft.tileentity.TileEntityLockableLoot (awa)...
[08:25:34] [Client thread/INFO]:   -Patching TileEntityLockableLoot
[08:25:34] [Client thread/INFO]:     -Modified method 'fillWithLoot': added 'withPlayer(player)' after 'withLuck(player.getLuck())'
[08:25:34] [Client thread/INFO]: [pl.asie.foamfix.coremod.FoamFixTransformer:spliceClasses:137]: Spliced in METHOD: net.minecraft.block.BlockBed.func_189540_a
[08:25:34] [Client thread/INFO]: Patching net.minecraft.tileentity.TileEntityBeacon... (avh)
[08:25:34] [Client thread/INFO]: Patching net.minecraft.block.BlockHopper... (arl)
[08:25:34] [Client thread/INFO]: [pl.asie.patchy.helpers.ConstructorReplacingTransformer$FFMethodVisitor:visitTypeInsn:73]: Replaced NEW for net/minecraft/tileentity/TileEntityHopper to pl/asie/foamfix/common/TileEntityFasterHopper
[08:25:34] [Client thread/INFO]: [pl.asie.patchy.helpers.ConstructorReplacingTransformer$FFMethodVisitor:visitMethodInsn:85]: Replaced INVOKESPECIAL for net/minecraft/tileentity/TileEntityHopper to pl/asie/foamfix/common/TileEntityFasterHopper
[08:25:34] [Client thread/INFO]: Patching net.minecraft.tileentity.TileEntityHopper... (avw)
[08:25:35] [Client thread/INFO]: [pl.asie.foamfix.coremod.FoamFixTransformer:spliceClasses:124]: Added INTERFACE: pl/asie/foamfix/api/IFoamFixMobSpawnerLogic
[08:25:35] [Client thread/INFO]: [pl.asie.foamfix.coremod.FoamFixTransformer:spliceClasses:137]: Spliced in METHOD: net.minecraft.tileentity.MobSpawnerBaseLogic.func_98279_f
[08:25:35] [Client thread/INFO]: [pl.asie.foamfix.coremod.FoamFixTransformer:spliceClasses:184]: Added FIELD: net.minecraft.tileentity.MobSpawnerBaseLogic.foamfix_activatedCache
[08:25:35] [Client thread/INFO]: [pl.asie.foamfix.coremod.FoamFixTransformer:spliceClasses:184]: Added FIELD: net.minecraft.tileentity.MobSpawnerBaseLogic.foamfix_activatedCachePESize
[08:25:35] [Client thread/INFO]: [pl.asie.foamfix.coremod.FoamFixTransformer:spliceClasses:184]: Added FIELD: net.minecraft.tileentity.MobSpawnerBaseLogic.foamfix_activatedCacheTime
[08:25:35] [Client thread/INFO]: [pl.asie.foamfix.coremod.FoamFixTransformer:spliceClasses:184]: Added FIELD: net.minecraft.tileentity.MobSpawnerBaseLogic.foamfix_forcedCache
[08:25:35] [Client thread/INFO]: [pl.asie.foamfix.coremod.FoamFixTransformer:spliceClasses:184]: Added FIELD: net.minecraft.tileentity.MobSpawnerBaseLogic.foamfix_forcedCacheTime
[08:25:35] [Client thread/INFO]: Transforming Class [net.minecraft.entity.ai.EntityAICreeperSwell], Method [func_75246_d]
[08:25:35] [Client thread/INFO]: Transforming net.minecraft.entity.ai.EntityAICreeperSwell Finished.
[08:25:36] [Client thread/INFO]: Transforming Class [net.minecraft.inventory.ContainerFurnace], Method [func_82846_b]
[08:25:36] [Client thread/INFO]: Transforming net.minecraft.inventory.ContainerFurnace Finished.
[08:25:37] [Client thread/INFO]: Patching GameSettings.datafix
[08:25:37] [Client thread/INFO]: [OptiFine] *** Reflector Forge ***
[08:25:37] [Client thread/INFO]: [OptiFine] (Reflector) Class not present: mods.betterfoliage.client.BetterFoliageClient
[08:25:37] [Client thread/INFO]: [pl.asie.patchy.helpers.ConstructorReplacingTransformer$FFMethodVisitor:visitTypeInsn:73]: Replaced NEW for net/minecraft/util/ClassInheritanceMultiMap to pl/asie/foamfix/coremod/common/FoamyClassInheritanceMultiMap
[08:25:37] [Client thread/INFO]: [pl.asie.patchy.helpers.ConstructorReplacingTransformer$FFMethodVisitor:visitMethodInsn:85]: Replaced INVOKESPECIAL for net/minecraft/util/ClassInheritanceMultiMap to pl/asie/foamfix/coremod/common/FoamyClassInheritanceMultiMap
[08:25:37] [Client thread/WARN]: Static binding violation: PRIVATE @Overwrite method func_76615_h in mixins.phosphor.json:common.MixinChunk cannot reduce visibiliy of PUBLIC target method, visibility will be upgraded.
[08:25:37] [Client thread/INFO]: [team.chisel.ctm.client.asm.CTMTransformer:preTransform:230]: Transforming Class [net.minecraft.block.Block], Method [getExtendedState]
[08:25:37] [Client thread/INFO]: [team.chisel.ctm.client.asm.CTMTransformer:finishTransform:242]: Transforming net.minecraft.block.Block Finished.
[08:25:37] [Client thread/INFO]: Patching net.minecraft.client.renderer.EntityRenderer... (buq)
[08:25:37] [Client thread/INFO]: [pl.asie.foamfix.coremod.FoamFixTransformer:spliceClasses:137]: Spliced in METHOD: net.minecraftforge.common.property.ExtendedBlockState.createState
[08:25:37] [Client thread/INFO]: [pl.asie.patchy.helpers.ConstructorReplacingTransformer$FFMethodVisitor:visitTypeInsn:73]: Replaced NEW for net/minecraft/client/renderer/texture/TextureAtlasSprite to pl/asie/foamfix/client/FastTextureAtlasSprite
[08:25:37] [Client thread/INFO]: [pl.asie.patchy.helpers.ConstructorReplacingTransformer$FFMethodVisitor:visitMethodInsn:85]: Replaced INVOKESPECIAL for net/minecraft/client/renderer/texture/TextureAtlasSprite to pl/asie/foamfix/client/FastTextureAtlasSprite
[08:25:37] [Client thread/INFO]: [team.chisel.ctm.client.asm.CTMTransformer:preTransform:230]: Transforming Class [net.minecraft.client.renderer.texture.TextureAtlasSprite], Method [updateAnimationInterpolated]
[08:25:37] [Client thread/INFO]: [team.chisel.ctm.client.asm.CTMTransformer:finishTransform:242]: Transforming net.minecraft.client.renderer.texture.TextureAtlasSprite Finished.
[08:25:37] [Client thread/INFO]: patching net.minecraft.network.NetHandlerPlayServer.processVehicleMove(CPacketVehicleMove)
[08:25:37] [Client thread/INFO]: patching net.minecraft.network.NetHandlerPlayServer.processPlayer(CPacketPlayer)
[08:25:37] [Client thread/INFO]: [pl.asie.foamfix.coremod.patches.ReturnIfBooleanTruePatch:apply:89]: Added return if option true in net/minecraft/client/renderer/texture/TextureMap func_94248_c
[08:25:37] [Client thread/INFO]: [team.chisel.ctm.client.asm.CTMTransformer:preTransform:230]: Transforming Class [net.minecraft.client.renderer.texture.TextureMap], Method [registerSprite]
[08:25:37] [Client thread/INFO]: [team.chisel.ctm.client.asm.CTMTransformer:finishTransform:242]: Transforming net.minecraft.client.renderer.texture.TextureMap Finished.
[08:25:37] [Client thread/INFO]: Transforming net.minecraft.client.renderer.RenderItem (bzw)...
[08:25:37] [Client thread/INFO]:   -Coloring Item Glint...
[08:25:37] [Client thread/INFO]:     -Sending instructions to RenderItem for function renderItem
[08:25:37] [Client thread/INFO]:     -Sending instructions to RenderItem for function renderEffect
[08:25:37] [Client thread/INFO]:     -Sending instructions to RenderItem for function renderItemModel
[08:25:37] [Client thread/INFO]:     -Sending instructions to RenderItem for function renderItemModelIntoGUI
[08:25:37] [Client thread/INFO]: Transforming Class [net.minecraft.client.renderer.RenderItem], Method [func_180453_a, func_184391_a]
[08:25:37] [Client thread/INFO]: Transforming failed. Applying ersatz patch...
[08:25:37] [Client thread/WARN]: Ersatz patch applied, things may break!
[08:25:37] [Client thread/INFO]: Transforming net.minecraft.client.renderer.RenderItem Finished.
[08:25:38] [Client thread/INFO]: [OptiFine] *** Reflector Vanilla ***
[08:25:38] [Client thread/INFO]: Patching net.minecraft.client.gui.GuiOptions... (ble)
[08:25:38] [Client thread/WARN]: Skipping bad option: lastServer:
[08:25:38] [Client thread/INFO]: LWJGL Version: 2.9.4
[08:25:39] [Client thread/INFO]: [OptiFine] 
[08:25:39] [Client thread/INFO]: [OptiFine] OptiFine_1.12.2_HD_U_E3
[08:25:39] [Client thread/INFO]: [OptiFine] Build: 20181210-121000
[08:25:39] [Client thread/INFO]: [OptiFine] OS: Windows 10 (amd64) version 10.0
[08:25:39] [Client thread/INFO]: [OptiFine] Java: 1.8.0_51, Oracle Corporation
[08:25:39] [Client thread/INFO]: [OptiFine] VM: Java HotSpot(TM) 64-Bit Server VM (mixed mode), Oracle Corporation
[08:25:39] [Client thread/INFO]: [OptiFine] LWJGL: 2.9.4
[08:25:39] [Client thread/INFO]: [OptiFine] OpenGL: AMD Radeon R9 200 Series, version 4.6.13587 Compatibility Profile Context 20.2.2 26.20.15019.19000, ATI Technologies Inc.
[08:25:39] [Client thread/INFO]: [OptiFine] OpenGL Version: 4.6.13587
[08:25:39] [Client thread/INFO]: [OptiFine] OpenGL Fancy fog: Not available (GL_NV_fog_distance)
[08:25:39] [Client thread/INFO]: [OptiFine] Maximum texture size: 16384x16384
[08:25:39] [VersionCheck/INFO]: [OptiFine] Checking for new version
[08:25:39] [Client thread/INFO]: [Shaders] OpenGL Version: 4.6.13587 Compatibility Profile Context 20.2.2 26.20.15019.19000
[08:25:39] [Client thread/INFO]: [Shaders] Vendor:  ATI Technologies Inc.
[08:25:39] [Client thread/INFO]: [Shaders] Renderer: AMD Radeon R9 200 Series
[08:25:39] [Client thread/INFO]: [Shaders] Capabilities:  2.0  2.1  3.0  3.2  4.0 
[08:25:39] [Client thread/INFO]: [Shaders] GL_MAX_DRAW_BUFFERS: 8
[08:25:39] [Client thread/INFO]: [Shaders] GL_MAX_COLOR_ATTACHMENTS_EXT: 8
[08:25:39] [Client thread/INFO]: [Shaders] GL_MAX_TEXTURE_IMAGE_UNITS: 32
[08:25:39] [Client thread/INFO]: [Shaders] Load shaders configuration.
[08:25:39] [Client thread/INFO]: [Shaders] No shaderpack loaded.
[08:25:39] [Client thread/INFO]: [OptiFine] [Shaders] Delayed loading of block mappings after resources are loaded
[08:25:39] [VersionCheck/INFO]: [OptiFine] Version found: D3
[08:25:39] [Client thread/INFO]: Forge Mod Loader has detected optifine OptiFine_1.12.2_HD_U_E3, enabling compatibility features
[08:25:39] [Client thread/INFO]: -- System Details --
Details:
	Minecraft Version: 1.12.2
	Operating System: Windows 10 (amd64) version 10.0
	Java Version: 1.8.0_51, Oracle Corporation
	Java VM Version: Java HotSpot(TM) 64-Bit Server VM (mixed mode), Oracle Corporation
	Memory: 651243448 bytes (621 MB) / 1034944512 bytes (987 MB) up to 5726797824 bytes (5461 MB)
	JVM Flags: 4 total; -XX:HeapDumpPath=MojangTricksIntelDriversForPerformance_javaw.exe_minecraft.exe.heapdump -Xmx6144m -Xms256m -XX:PermSize=256m
	IntCache: cache: 0, tcache: 0, allocated: 0, tallocated: 0
	FML: 
	Loaded coremods (and transformers): 
SSLoadingPlugin (SereneSeasons-1.12.2-1.2.2-universal.jar)
  sereneseasons.asm.transformer.EntityRendererTransformer
  sereneseasons.asm.transformer.WorldTransformer
Do not report to Forge! (If you haven't disabled the FoamFix coremod, try disabling it in the config! Note that this bit of text will still appear.) (foamfix-0.10.5-1.12.2.jar)
  pl.asie.foamfix.coremod.FoamFixTransformer
ItemPatchingLoader (ItemPhysic_Full_1.4.32_mc1.12.2.jar)
  com.creativemd.itemphysic.ItemTransformer
AppleCore (AppleCore-mc1.12.2-3.2.0.jar)
  squeek.applecore.asm.TransformerModuleHandler
HCASM (HammerCore-1.12.2-2.0.4.7.jar)
  com.zeitheron.hammercore.asm.HammerCoreTransformer
MekanismCoremod (Mekanism-1.12.2-9.8.3.390.jar)
  mekanism.coremod.KeybindingMigrationHelper
LoadingPlugin (HardcoreBuoy-1.12-1.0.4.jar)
  betterwithmods.core.ClassTransformer
OpenModsCorePlugin (OpenModsLib-1.12.2-0.12.2.jar)
  openmods.core.OpenModsClassTransformer
EnderCorePlugin (EnderCore-1.12.2-0.5.65-core.jar)
  com.enderio.core.common.transform.EnderCoreTransformer
  com.enderio.core.common.transform.SimpleMixinPatcher
CTMCorePlugin (CTM-MC1.12.2-0.3.3.22.jar)
  team.chisel.ctm.client.asm.CTMTransformer
p455w0rdc0re (p455w0rdslib-1.12.2-2.2.156.jar)
  p455w0rdslib.asm.ClassTransformer
ForgelinPlugin (Forgelin-1.8.3.jar)
  
CoreModLoader (Sound-Physics-Mod-1.12.2.jar)
  com.sonicether.soundphysics.CoreModInjector
PhosphorFMLLoadingPlugin (phosphor-1.12.2-0.2.6+build50-universal.jar)
  
CreativePatchingLoader (CreativeCore_v1.10.10_mc1.12.2.jar)
  
LoadingPlugin (ResourceLoader-MC1.12.1-1.5.3.jar)
  lumien.resourceloader.asm.ClassTransformer
LoadingPlugin (HardcoreDarkness-MC1.12.2-2.0.jar)
  lumien.hardcoredarkness.asm.ClassTransformer
AdvancedRocketryPlugin (AdvancedRocketry-1.12.2-1.6.0-164-universal.jar)
  zmaster587.advancedRocketry.asm.ClassTransformer
GottaGoFastLoader (gottagofast-1.1.jar)
  com.thiakil.gottagofast.coremod.GottaGoFastASMTransformer
	GL info: ' Vendor: 'ATI Technologies Inc.' Version: '4.6.13587 Compatibility Profile Context 20.2.2 26.20.15019.19000' Renderer: 'AMD Radeon R9 200 Series'
[08:25:39] [Client thread/INFO]: MinecraftForge v14.23.5.2821 Initialized
[08:25:39] [Client thread/INFO]: Starts to replace vanilla recipe ingredients with ore ingredients.
[08:25:39] [Client thread/INFO]: Replaced 1036 ore ingredients
[08:25:39] [Client thread/INFO]: [zmaster587.advancedRocketry.asm.ModContainer:<init>:23]: ********* CoreDummyContainer. OK
[08:25:39] [Client thread/INFO]: Searching C:\Users\mathe\Twitch\Minecraft\Instances\New NTC\mods for mods
[08:25:40] [Client thread/WARN]: Mod chickenchunks is missing the required element 'version' and a version.properties file could not be found. Falling back to metadata version 2.4.2.74
[08:25:41] [Client thread/WARN]: Mod codechickenlib is missing the required element 'version' and a version.properties file could not be found. Falling back to metadata version 3.2.3.357
[08:25:41] [Thread-5/INFO]: Using sync timing. 200 frames of Display.update took 130707200 nanos
[08:25:41] [Client thread/WARN]: Mod enderstorage is missing the required element 'version' and a version.properties file could not be found. Falling back to metadata version 2.4.6.137
[08:25:42] [Client thread/WARN]: Mod igi|toughasnails is missing the required element 'version' and a version.properties file could not be found. Falling back to metadata version 1.3
[08:25:42] [Client thread/WARN]: Mod ironchest is missing the required element 'version' and a version.properties file could not be found. Falling back to metadata version 1.12.2-7.0.67.844
[08:25:43] [Client thread/WARN]: Mod patchouli is missing the required element 'version' and a version.properties file could not be found. Falling back to metadata version 1.0-20
[08:25:44] [Client thread/WARN]: Mod worldstripper is missing the required element 'version' and a version.properties file could not be found. Falling back to metadata version 1.6.0-1.12.2
[08:25:45] [Client thread/INFO]: Forge Mod Loader has identified 159 mods to load
[08:25:45] [Client thread/INFO]: [zmaster587.advancedRocketry.asm.ModContainer:registerBus:42]: ********* registerBus. OK
[08:25:45] [Client thread/FATAL]: net.minecraftforge.fml.common.MissingModsException: Mod mysticalworld (Mystical World) requires [forge@[14.23.5.2847,)]
[08:25:45] [Client thread/ERROR]: An exception was thrown, the game will display an error screen and halt.
net.minecraftforge.fml.common.MissingModsException: Mod mysticalworld (Mystical World) requires [forge@[14.23.5.2847,)]
	at net.minecraftforge.fml.common.Loader.sortModList(Loader.java:264) ~[Loader.class:?]
	at net.minecraftforge.fml.common.Loader.loadMods(Loader.java:570) ~[Loader.class:?]
	at net.minecraftforge.fml.client.FMLClientHandler.beginMinecraftLoading(FMLClientHandler.java:232) [FMLClientHandler.class:?]
	at net.minecraft.client.Minecraft.func_71384_a(Minecraft.java:467) [bib.class:?]
	at net.minecraft.client.Minecraft.func_99999_d(Minecraft.java:378) [bib.class:?]
	at net.minecraft.client.main.Main.main(SourceFile:123) [Main.class:?]
	at sun.reflect.NativeMethodAccessorImpl.invoke0(Native Method) ~[?:1.8.0_51]
	at sun.reflect.NativeMethodAccessorImpl.invoke(NativeMethodAccessorImpl.java:62) ~[?:1.8.0_51]
	at sun.reflect.DelegatingMethodAccessorImpl.invoke(DelegatingMethodAccessorImpl.java:43) ~[?:1.8.0_51]
	at java.lang.reflect.Method.invoke(Method.java:497) ~[?:1.8.0_51]
	at net.minecraft.launchwrapper.Launch.launch(Launch.java:135) [launchwrapper-1.12.jar:?]
	at net.minecraft.launchwrapper.Launch.main(Launch.java:28) [launchwrapper-1.12.jar:?]
[08:25:45] [Client thread/WARN]: EventBus 0 shutting down - future events will not be posted.
[08:25:45] [Client thread/INFO]: Reloading ResourceManager: BetterFps, Default, FMLFileResourcePack:Forge Mod Loader, FMLFileResourcePack:Minecraft Forge, FMLFileResourcePack:Gotta Go Fast, FMLFileResourcePack:Advanced Rocketry, FMLFileResourcePack:AppleCore, FMLFileResourcePack:AppleSkin, FMLFileResourcePack:Aquaculture, FMLFileResourcePack:Armor Underwear, FMLFileResourcePack:AutoRegLib, FMLFileResourcePack:Avaritia, FMLFileResourcePack:Avaritia Recipe Maker, FMLFileResourcePack:Avaritia Tweaks, FMLFileResourcePack:Base Metals, FMLFileResourcePack:Base Minerals, FMLFileResourcePack:Baubles, FMLFileResourcePack:Biomes O' Plenty, FMLFileResourcePack:Blockcraftery, FMLFileResourcePack:Bookworm Library, FMLFileResourcePack:Bottled Milk, FMLFileResourcePack:Carrots Lib, FMLFileResourcePack:Cathedral, FMLFileResourcePack:Chameleon, FMLFileResourcePack:ChickenChunks, FMLFileResourcePack:Chisel, FMLFileResourcePack:Clumps, FMLFileResourcePack:CodeChicken Lib, FMLFileResourcePack:CoFH Core, FMLFileResourcePack:CoFH World, FMLFileResourcePack:Compact Machines 3, FMLFileResourcePack:Compressed, FMLFileResourcePack:CT-GUI, FMLFileResourcePack:CraftTweaker2, FMLFileResourcePack:CraftTweaker JEI Support, FMLFileResourcePack:CreativeCore, FMLFileResourcePack:CTM, FMLFileResourcePack:Custom Main Menu, FMLFileResourcePack:Custom Starting Gear, FMLFileResourcePack:Deep Mob Learning, FMLFileResourcePack:Dense Metals, FMLFileResourcePack:Dense Neutron Collectors, FMLFileResourcePack:EnderCore, FMLFileResourcePack:Ender IO, FMLFileResourcePack:Ender IO Base, FMLFileResourcePack:Ender IO Applied Energistics Conduits, FMLFileResourcePack:Ender IO Open Computers Conduits, FMLFileResourcePack:Ender IO Refined Storage Conduits, FMLFileResourcePack:Ender IO Conduits, FMLFileResourcePack:Ender IO Integration with Forestry, FMLFileResourcePack:Ender IO Integration with Tinkers' Construct, FMLFileResourcePack:Ender IO Integration with Tinkers' Construct, FMLFileResourcePack:Ender IO Machines, FMLFileResourcePack:Ender IO Powertools, FMLFileResourcePack:EnderStorage, FMLFileResourcePack:End Metals, FMLFileResourcePack:Equivalent Storage, FMLFileResourcePack:Ex Nihilo Creatio, FMLFileResourcePack:Expanded Equivalence, FMLFileResourcePack:Extra Utilities 2, FMLFileResourcePack:Extreme Reactors, FMLFileResourcePack:FastFurnace, FMLFileResourcePack:Fast Leaf Decay, FMLFileResourcePack:FastWorkbench, FMLFileResourcePack:Flood Lights, FMLFileResourcePack:FoamFix, FMLFileResourcePack:Shadowfacts' Forgelin, FMLFileResourcePack:FTB Library, FMLFileResourcePack:FTB Quests, FMLFileResourcePack:FTB Utilities, FMLFileResourcePack:FTB Utilities: Backups, FMLFileResourcePack:Hammer Core, FMLFileResourcePack:Hardcore Buoy, FMLFileResourcePack:Hardcore Darkness, FMLFileResourcePack:Waila, FMLFileResourcePack:ICBM-Classic, FMLFileResourcePack:InGameInfoXML Tough As Nails, FMLFileResourcePack:InGame Info XML Addon - Serene Seasons, FMLFileResourcePack:Industrial Foregoing, FMLFileResourcePack:InGame Info XML, FMLFileResourcePack:Iron Chest, FMLFileResourcePack:Item Filters, FMLFileResourcePack:Just Enough HarvestCraft, FMLFileResourcePack:Just Enough Items, FMLFileResourcePack:JourneyMap, FMLFileResourcePack:Just Enough Dimensions, FMLFileResourcePack:Just Enough Reactors, FMLFileResourcePack:Just Enough Resources, FMLFileResourcePack:Vulpes library, FMLFileResourcePack:Lil Critters Mod, FMLFileResourcePack:Loot Bags, FMLFileResourcePack:LunatriusCore, FMLFileResourcePack:Material Changer, FMLFileResourcePack:McJtyLib, FMLFileResourcePack:Mekanism, FMLFileResourcePack:MMDLib, FMLFileResourcePack:Modern Metals, FMLFileResourcePack:MoreOverlays, FMLFileResourcePack:Mouse Tweaks, FMLFileResourcePack:Mystical Lib, FMLFileResourcePack:Mystical World, FMLFileResourcePack:NaturalFauna, FMLFileResourcePack:Neat, FMLFileResourcePack:Nether Metals, FMLFileResourcePack:OpenBlocks, FMLFileResourcePack:OpenModsLib, FMLFileResourcePack:OreSpawn, FMLFileResourcePack:Ore Veins, FMLFileResourcePack:Overpowered Armor Bar, FMLFileResourcePack:p455w0rd's Library, FMLFileResourcePack:Pam's HarvestCraft, FMLFileResourcePack:Pam's Cookables, FMLFileResourcePack:Patchouli, FMLFileResourcePack:Potion Icon Remover, FMLFileResourcePack:ProjectE, FMLFileResourcePack:ProjectE Integration, FMLFileResourcePack:Project EX, FMLFileResourcePack:Reborn Core, FMLFileResourcePack:RebornStorage, FMLFileResourcePack:Redstone Flux, FMLFileResourcePack:Refined Avaritia, FMLFileResourcePack:Refined Storage, FMLFileResourcePack:Refined Storage Addons, FMLFileResourcePack:RefinedStorageRequestify, FMLFileResourcePack:RE-Sound, FMLFileResourcePack:Resource Loader, FMLFileResourcePack:RFTools, FMLFileResourcePack:RFTools Dimensions, FMLFileResourcePack:Roguelike Dungeons, FMLFileResourcePack:Serene Seasons, FMLFileResourcePack:Sound Physics, FMLFileResourcePack:Special AI, FMLFileResourcePack:Stacksize Mod, FMLFileResourcePack:Storage Drawers, FMLFileResourcePack:Tesla Core Lib, FMLFileResourcePack:Tesla Core Lib Registries, FMLFileResourcePack:Thermal Cultivation, FMLFileResourcePack:Thermal Dynamics, FMLFileResourcePack:Thermal Expansion, FMLFileResourcePack:Thermal Foundation, FMLFileResourcePack:Thermal Innovation, FMLFileResourcePack:Tough As Nails, FMLFileResourcePack:Tough Expansion, FMLFileResourcePack:Tree Chopper, FMLFileResourcePack:Underground Biomes, FMLFileResourcePack:Waila Harvestability, FMLFileResourcePack:WanionLib, FMLFileResourcePack:What Are We Looking At, FMLFileResourcePack:World Stripper, FMLFileResourcePack:Worley's Caves, FMLFileResourcePack:Zoo and Wild Animals Mod: Rebuilt, FMLFileResourcePack:Zero CORE, FMLFileResourcePack:Phosphor Lighting Engine, FMLFileResourcePack:Snow! Real Magic!, CustomResources, CustomOverridingResources
[08:25:45] [Client thread/WARN]: There were errors previously. Not beginning mod initialization phase
[08:25:45] [Client thread/INFO]: [OptiFine] *** Reloading textures ***
[08:25:45] [Client thread/INFO]: [OptiFine] Resource packs: Default
[08:25:48] [Client thread/WARN]: File icbmclassic:sounds/laser1.ogg does not exist, cannot add it to event icbmclassic:laser
[08:25:48] [Sound Library Loader/INFO]: Starting up SoundSystem...
[08:25:49] [Client thread/INFO]: [pl.asie.foamfix.coremod.FoamFixTransformer:spliceClasses:137]: Spliced in METHOD: net.minecraftforge.client.model.ItemLayerModel.bake
[08:25:49] [Thread-7/INFO]: Initializing LWJGL OpenAL
[08:25:49] [Thread-7/INFO]: (The LWJGL binding of OpenAL.  For more information, see http://www.lwjgl.org)
[08:25:49] [Thread-7/INFO]: OpenAL initialized.
[08:25:50] [Client thread/INFO]: [com.creativemd.creativecore.transformer.CreativeTransformer:transform:49]: [itemphysic] Patched net.minecraft.client.renderer.entity.RenderEntityItem ...
[08:25:50] [Sound Library Loader/INFO]: [com.sonicether.soundphysics.SoundPhysics:log:600]: [SOUND PHYSICS] : EFX Extension recognized.
[08:25:50] [Sound Library Loader/INFO]: [com.sonicether.soundphysics.SoundPhysics:log:600]: [SOUND PHYSICS] : Aux slot 33 created
[08:25:50] [Sound Library Loader/INFO]: [com.sonicether.soundphysics.SoundPhysics:log:600]: [SOUND PHYSICS] : Aux slot 34 created
[08:25:50] [Sound Library Loader/INFO]: [com.sonicether.soundphysics.SoundPhysics:log:600]: [SOUND PHYSICS] : Aux slot 35 created
[08:25:50] [Sound Library Loader/INFO]: [com.sonicether.soundphysics.SoundPhysics:log:600]: [SOUND PHYSICS] : Aux slot 36 created
[08:25:50] [Sound Library Loader/INFO]: [com.sonicether.soundphysics.SoundPhysics:logError:604]: [SOUND PHYSICS] [ERROR]: Error while assigning reverb decayHFRatio: 0.0 OpenAL error AL_INVALID_VALUE
[08:25:50] [Sound Library Loader/INFO]: [com.sonicether.soundphysics.SoundPhysics:logError:604]: [SOUND PHYSICS] [ERROR]: Error while assigning reverb decayHFRatio: 0.0 OpenAL error AL_INVALID_VALUE
[08:25:50] [Sound Library Loader/INFO]: [com.sonicether.soundphysics.SoundPhysics:logError:604]: [SOUND PHYSICS] [ERROR]: Error while assigning reverb decayHFRatio: 0.0 OpenAL error AL_INVALID_VALUE
[08:25:50] [Sound Library Loader/INFO]: [com.sonicether.soundphysics.SoundPhysics:logError:604]: [SOUND PHYSICS] [ERROR]: Error while assigning reverb decayHFRatio: 0.0 OpenAL error AL_INVALID_VALUE
[08:25:50] [Sound Library Loader/INFO]: Sound engine started
[08:25:50] [Client thread/INFO]: Narrator library for x64 successfully loaded
[08:25:50] [Client thread/INFO]: [OptiFine] *** Reloading custom textures ***
[08:25:58] [BetterFps Update Checker/WARN]: Could not check for updates: Connection timed out: connect
[08:26:25] [Client thread/INFO]: Stopping!
[08:26:25] [Client thread/INFO]: SoundSystem shutting down...
[08:26:25] [Client thread/WARN]: Author: Paul Lamb, www.paulscode.com
