[06:59:15] [Client thread/INFO] [JMLogger] JourneyMap log initialized.
[06:59:15] [Client thread/INFO] [JourneymapClient] initialize ENTER
[06:59:15] [Client thread/WARN] [PropertiesBase] core (Initialized) Bad configField entry during updateFrom(): optionsManagerViewed=null
[06:59:15] [Client thread/WARN] [PropertiesBase] core (Initialized) Bad configField entry during updateFrom(): splashViewed=null
[06:59:16] [Client thread/INFO] [?] Version: JourneyMap 1.12.2-5.5.5, built with Forge 14.23.5.2768
Forge: 14.23.5.2821
Environment: os.name, os.arch, java.version, user.country, user.language=null, game language=en_us, locale=en_us
Features: 
	RadarPlayers : singleplayer = true , multiplayer = true
	RadarAnimals : singleplayer = true , multiplayer = true
	RadarMobs : singleplayer = true , multiplayer = true
	RadarVillagers : singleplayer = true , multiplayer = true
	MapTopo : singleplayer = true , multiplayer = true
	MapSurface : singleplayer = true , multiplayer = true
	MapCaves : singleplayer = true , multiplayer = true
MiniMapProperties{state=Valid, file=journeymap.minimap.config, configVersion=5.5.5, zoomLevel=0, showPlayers=true, frameAlpha=100, compassFontScale=1, terrainAlpha=100, showEntityNames=true, enabled=true, showPlayerHeading=true, showVillagers=true, info2Label=Game Time, sizePercent=30, showDayNight=true, info3Label=Location, showMobs=true, showPets=true, preferredMapType=day, showCompass=true, mobDisplay=Small Dots, showReticle=true, orientation=North, shape=Circle, showSelf=true, info4Label=Biome, locationFormat=xzyv, playerDisplay=Small Dots, showGrid=true, reticleOrientation=Compass, showWaypoints=true, showCaves=true, showAnimals=true, showMobHeading=true, showWaypointLabels=true, locationFormatVerbose=true, position=Top Right, info1Label=Blank, fontScale=1}
MiniMapProperties{state=Valid, file=journeymap.minimap2.config, configVersion=5.5.5, zoomLevel=0, showPlayers=true, frameAlpha=100, compassFontScale=1, terrainAlpha=100, showEntityNames=true, enabled=true, showPlayerHeading=true, showVillagers=true, info2Label=Game Time, sizePercent=30, showDayNight=true, info3Label=Location, showMobs=true, showPets=true, preferredMapType=day, showCompass=true, mobDisplay=Small Dots, showReticle=true, orientation=North, shape=Rectangle, showSelf=true, info4Label=Biome, locationFormat=xzyv, playerDisplay=Small Dots, showGrid=true, reticleOrientation=Compass, showWaypoints=true, showCaves=true, showAnimals=true, showMobHeading=true, showWaypointLabels=true, locationFormatVerbose=true, position=Top Right, info1Label=Blank, fontScale=1}
FullMapProperties{state=Valid, file=journeymap.fullmap.config, configVersion=5.5.5, mobDisplay=Small Dots, zoomLevel=0, showPlayers=true, showSelf=true, locationFormat=xzyv, playerDisplay=Small Dots, showGrid=true, showEntityNames=true, showPlayerHeading=true, showVillagers=true, showWaypoints=true, showCaves=true, showAnimals=true, showMobHeading=true, showKeys=true, showWaypointLabels=true, locationFormatVerbose=true, showMobs=true, showPets=true, fontScale=1, preferredMapType=day}
WaypointProperties{state=Valid, file=journeymap.waypoint.config, configVersion=5.5.5, createDeathpoints=true, showName=true, maxDistance=0, autoHideLabel=true, teleportCommand=/tp {name} {x} {y} {z}, showStaticBeam=true, minDistance=4, boldLabel=false, textureSmall=true, showDistance=true, showRotatingBeam=true, fontScale=2, showTexture=true, managerEnabled=true, beaconEnabled=true}
WebMapProperties{state=Valid, file=journeymap.webmap.config, configVersion=5.5.5, zoomLevel=0, showWaypoints=true, showCaves=true, showSelf=true, port=8080, showGrid=true, showEntityNames=true, enabled=false, googleMapApiDomain=.com, preferredMapType=day}
CoreProperties{state=Valid, file=journeymap.core.config, configVersion=5.5.5, verboseColorPalette=false, maxPlayersData=32, mapSurfaceAboveCaves=true, optionsManagerViewed=null, announceMod=true, colorPassive=#bbbbbb, renderOverlayEventTypeName=ALL, mapBlendWater=false, renderDistanceSurfaceMax=7, radarVerticalDistance=16, mapBlendGrass=true, recordCacheStats=false, hideSneakingEntities=true, revealShape=Circle, alwaysMapSurface=false, colorVillager=#88e188, mapPlants=false, colorPet=#0077ff, radarLateralDistance=64, mapBathymetry=false, mapCrops=true, maxMobsData=32, mapPlantShadows=false, alwaysMapCaves=false, checkUpdates=true, browserPoll=2000, mapBlendFoliage=true, mappingEnabled=true, colorPlayer=#ffffff, tileHighDisplayQuality=true, cacheVillagersData=2200, logLevel=INFO, maxVillagersData=32, maxAnimalsData=32, mapTransparency=true, tileRenderType=1, caveIgnoreGlass=true, mapTopography=true, renderDistanceCaveMax=3, mapAntialiasing=true, colorSelf=#0000ff, cachePlayersData=2000, cacheMobsData=3000, cachePlayerData=1000, splashViewed=null, colorHostile=#ff0000, cacheAnimalsData=3100, themeName=OceanMonument, mapCaveLighting=true, renderDelay=2, renderOverlayPreEvent=true, autoMapPoll=2000}
[06:59:16] [Client thread/INFO] [ClientAPI] [ClientAPI] built with JourneyMap API 1.4
[06:59:16] [Client thread/INFO] [PluginHelper] Initializing plugins with Client API: journeymap.client.api.impl.ClientAPI
[06:59:16] [Client thread/INFO] [PluginHelper] Initialized IClientPlugin: com.feed_the_beast.ftbutilities.integration.JourneyMapIntegration
[06:59:16] [Client thread/INFO] [JourneymapClient] initialize EXIT, elapsed count 0 avg ?ms
[06:59:20] [Client thread/ERROR] [FileHandler] Couldn't locate icons for Default: C:\Users\mathe\Twitch\Minecraft\Instances\New%20NTC\mods\journeymap-1.12.2-5.5.5.jar\assets\journeymap\icon\entity
[06:59:20] [Client thread/INFO] [IconSetFileHandler] Added entity icons from journeymap:icon/entity. Success: false
[06:59:20] [Client thread/ERROR] [FileHandler] Couldn't locate icons for flat: C:\Users\mathe\Twitch\Minecraft\Instances\New%20NTC\mods\journeymap-1.12.2-5.5.5.jar\assets\journeymap\theme\flat
[06:59:20] [Client thread/INFO] [ThemeLoader] Preloaded theme textures: 0
[06:59:21] [JM-VersionCheck-1/ERROR] [VersionCheck$1] Could not check version URL
javax.net.ssl.SSLHandshakeException: sun.security.validator.ValidatorException: PKIX path building failed: sun.security.provider.certpath.SunCertPathBuilderException: unable to find valid certification path to requested target
	at sun.security.ssl.Alerts.getSSLException(Alerts.java:192) ~[?:1.8.0_51]
	at sun.security.ssl.SSLSocketImpl.fatal(SSLSocketImpl.java:1949) ~[?:1.8.0_51]
	at sun.security.ssl.Handshaker.fatalSE(Handshaker.java:302) ~[?:1.8.0_51]
	at sun.security.ssl.Handshaker.fatalSE(Handshaker.java:296) ~[?:1.8.0_51]
	at sun.security.ssl.ClientHandshaker.serverCertificate(ClientHandshaker.java:1497) ~[?:1.8.0_51]
	at sun.security.ssl.ClientHandshaker.processMessage(ClientHandshaker.java:212) ~[?:1.8.0_51]
	at sun.security.ssl.Handshaker.processLoop(Handshaker.java:979) ~[?:1.8.0_51]
	at sun.security.ssl.Handshaker.process_record(Handshaker.java:914) ~[?:1.8.0_51]
	at sun.security.ssl.SSLSocketImpl.readRecord(SSLSocketImpl.java:1062) ~[?:1.8.0_51]
	at sun.security.ssl.SSLSocketImpl.performInitialHandshake(SSLSocketImpl.java:1375) ~[?:1.8.0_51]
	at sun.security.ssl.SSLSocketImpl.startHandshake(SSLSocketImpl.java:1403) ~[?:1.8.0_51]
	at sun.security.ssl.SSLSocketImpl.startHandshake(SSLSocketImpl.java:1387) ~[?:1.8.0_51]
	at org.apache.http.conn.ssl.SSLConnectionSocketFactory.createLayeredSocket(SSLConnectionSocketFactory.java:275) ~[httpclient-4.3.3.jar:4.3.3]
	at org.apache.http.conn.ssl.SSLConnectionSocketFactory.connectSocket(SSLConnectionSocketFactory.java:254) ~[httpclient-4.3.3.jar:4.3.3]
	at org.apache.http.impl.conn.HttpClientConnectionOperator.connect(HttpClientConnectionOperator.java:117) ~[httpclient-4.3.3.jar:4.3.3]
	at org.apache.http.impl.conn.PoolingHttpClientConnectionManager.connect(PoolingHttpClientConnectionManager.java:314) ~[httpclient-4.3.3.jar:4.3.3]
	at org.apache.http.impl.execchain.MainClientExec.establishRoute(MainClientExec.java:363) ~[httpclient-4.3.3.jar:4.3.3]
	at org.apache.http.impl.execchain.MainClientExec.execute(MainClientExec.java:219) ~[httpclient-4.3.3.jar:4.3.3]
	at org.apache.http.impl.execchain.ProtocolExec.execute(ProtocolExec.java:195) ~[httpclient-4.3.3.jar:4.3.3]
	at org.apache.http.impl.execchain.RetryExec.execute(RetryExec.java:86) ~[httpclient-4.3.3.jar:4.3.3]
	at org.apache.http.impl.execchain.RedirectExec.execute(RedirectExec.java:108) ~[httpclient-4.3.3.jar:4.3.3]
	at org.apache.http.impl.client.InternalHttpClient.doExecute(InternalHttpClient.java:186) ~[httpclient-4.3.3.jar:4.3.3]
	at org.apache.http.impl.client.CloseableHttpClient.execute(CloseableHttpClient.java:82) ~[httpclient-4.3.3.jar:4.3.3]
	at org.apache.http.impl.client.CloseableHttpClient.execute(CloseableHttpClient.java:106) ~[httpclient-4.3.3.jar:4.3.3]
	at org.apache.http.impl.client.CloseableHttpClient.execute(CloseableHttpClient.java:57) ~[httpclient-4.3.3.jar:4.3.3]
	at journeymap.common.version.VersionCheck$1.run(VersionCheck.java:131) [VersionCheck$1.class:1.12.2-5.5.5]
	at java.util.concurrent.Executors$RunnableAdapter.call(Executors.java:511) [?:1.8.0_51]
	at java.util.concurrent.FutureTask.run(FutureTask.java:266) [?:1.8.0_51]
	at java.util.concurrent.ThreadPoolExecutor.runWorker(ThreadPoolExecutor.java:1142) [?:1.8.0_51]
	at java.util.concurrent.ThreadPoolExecutor$Worker.run(ThreadPoolExecutor.java:617) [?:1.8.0_51]
	at java.lang.Thread.run(Thread.java:745) [?:1.8.0_51]
Caused by: sun.security.validator.ValidatorException: PKIX path building failed: sun.security.provider.certpath.SunCertPathBuilderException: unable to find valid certification path to requested target
	at sun.security.validator.PKIXValidator.doBuild(PKIXValidator.java:387) ~[?:1.8.0_51]
	at sun.security.validator.PKIXValidator.engineValidate(PKIXValidator.java:292) ~[?:1.8.0_51]
	at sun.security.validator.Validator.validate(Validator.java:260) ~[?:1.8.0_51]
	at sun.security.ssl.X509TrustManagerImpl.validate(X509TrustManagerImpl.java:324) ~[?:1.8.0_51]
	at sun.security.ssl.X509TrustManagerImpl.checkTrusted(X509TrustManagerImpl.java:229) ~[?:1.8.0_51]
	at sun.security.ssl.X509TrustManagerImpl.checkServerTrusted(X509TrustManagerImpl.java:124) ~[?:1.8.0_51]
	at sun.security.ssl.ClientHandshaker.serverCertificate(ClientHandshaker.java:1479) ~[?:1.8.0_51]
	... 26 more
Caused by: sun.security.provider.certpath.SunCertPathBuilderException: unable to find valid certification path to requested target
	at sun.security.provider.certpath.SunCertPathBuilder.build(SunCertPathBuilder.java:145) ~[?:1.8.0_51]
	at sun.security.provider.certpath.SunCertPathBuilder.engineBuild(SunCertPathBuilder.java:131) ~[?:1.8.0_51]
	at java.security.cert.CertPathBuilder.build(CertPathBuilder.java:280) ~[?:1.8.0_51]
	at sun.security.validator.PKIXValidator.doBuild(PKIXValidator.java:382) ~[?:1.8.0_51]
	at sun.security.validator.PKIXValidator.engineValidate(PKIXValidator.java:292) ~[?:1.8.0_51]
	at sun.security.validator.Validator.validate(Validator.java:260) ~[?:1.8.0_51]
	at sun.security.ssl.X509TrustManagerImpl.validate(X509TrustManagerImpl.java:324) ~[?:1.8.0_51]
	at sun.security.ssl.X509TrustManagerImpl.checkTrusted(X509TrustManagerImpl.java:229) ~[?:1.8.0_51]
	at sun.security.ssl.X509TrustManagerImpl.checkServerTrusted(X509TrustManagerImpl.java:124) ~[?:1.8.0_51]
	at sun.security.ssl.ClientHandshaker.serverCertificate(ClientHandshaker.java:1479) ~[?:1.8.0_51]
	... 26 more
[07:02:14] [Client thread/WARN] [PropertiesBase] core (Initialized) Bad configField entry during updateFrom(): optionsManagerViewed=null
[07:02:14] [Client thread/WARN] [PropertiesBase] core (Initialized) Bad configField entry during updateFrom(): splashViewed=null
[07:02:14] [Client thread/INFO] [ModBlockDelegate] Custom modded block handling enabled for biomesoplenty
[07:02:15] [Client thread/INFO] [WaypointStore] Loaded 2 waypoints from C:\Users\mathe\Twitch\Minecraft\Instances\New NTC\journeymap\data\sp\5\waypoints
[07:02:15] [Client thread/INFO] [JourneymapClient] Mapping started in C:\Users\mathe\Twitch\Minecraft\Instances\New NTC\journeymap\data\sp\5\DIM0. Memory: 2699MB total, 1148MB free 
[07:02:15] [Netty Local Client IO #0/INFO] [JourneymapClient] Teleport Enabled:true
[07:02:15] [Netty Local Client IO #0/INFO] [JourneymapClient] Server Admin Enabled:true
[07:02:21] [Client thread/INFO] [ChatLog] JourneyMap: Press [J]
[07:09:39] [Client thread/INFO] [ChatLog] JourneyMap: Auto-mapping surface (20%).
[07:09:39] [JM-task-4/INFO] [MapRegionTask] Potential chunks to map in RegionCoord [-1,0]: 436 of 1024
[07:09:40] [Client thread/INFO] [ChatLog] JourneyMap: Auto-mapping surface (40%).
[07:09:41] [JM-task-4/INFO] [MapRegionTask] Actual chunks mapped in RegionCoord [-1,0]: 436 
[07:09:41] [JM-task-4/INFO] [MapRegionTask] Memory usage at 43%
[07:09:42] [JM-task-4/INFO] [MapRegionTask] Potential chunks to map in RegionCoord [-1,1]: 313 of 1024
[07:09:42] [Client thread/INFO] [ChatLog] JourneyMap: Auto-mapping surface (60%).
[07:09:43] [JM-task-4/INFO] [MapRegionTask] Actual chunks mapped in RegionCoord [-1,1]: 313 
[07:09:43] [JM-task-4/INFO] [MapRegionTask] Memory usage at 29%
[07:09:43] [JM-task-4/INFO] [MapRegionTask] Potential chunks to map in RegionCoord [0,0]: 32 of 1024
[07:09:43] [JM-task-4/INFO] [MapRegionTask] Actual chunks mapped in RegionCoord [0,0]: 32 
[07:09:43] [JM-task-4/INFO] [MapRegionTask] Memory usage at 31%
[07:09:43] [JM-task-4/INFO] [MapRegionTask] Potential chunks to map in RegionCoord [0,-1]: 1 of 1024
[07:09:43] [JM-task-4/INFO] [MapRegionTask] Actual chunks mapped in RegionCoord [0,-1]: 1 
[07:09:43] [JM-task-4/INFO] [MapRegionTask] Memory usage at 32%
[07:09:44] [Client thread/INFO] [ChatLog] JourneyMap: Auto-mapping surface (80%).
[07:09:45] [JM-task-4/INFO] [MapRegionTask] Potential chunks to map in RegionCoord [0,1]: 26 of 1024
[07:09:45] [JM-task-4/INFO] [MapRegionTask] Actual chunks mapped in RegionCoord [0,1]: 26 
[07:09:45] [JM-task-4/INFO] [MapRegionTask] Memory usage at 35%
[07:09:45] [Client thread/INFO] [ChatLog] JourneyMap: Auto-mapping surface (100%).
[07:09:46] [Client thread/INFO] [ChatLog] JourneyMap: Auto-mapping of surface has stopped.
[07:23:15] [Client thread/INFO] [ChatLog] JourneyMap: Auto-mapping vertical chunk 3 (20%).
[07:23:16] [JM-task-4/INFO] [MapRegionTask] Potential chunks to map in RegionCoord [-1,0]: 913 of 1024
[07:23:16] [Client thread/INFO] [ChatLog] JourneyMap: Auto-mapping vertical chunk 3 (40%).
[07:23:19] [JM-task-4/INFO] [MapRegionTask] Actual chunks mapped in RegionCoord [-1,0]: 913 
[07:23:19] [JM-task-4/INFO] [MapRegionTask] Memory usage at 51%
[07:23:19] [JM-task-4/INFO] [MapRegionTask] Potential chunks to map in RegionCoord [-1,1]: 325 of 1024
[07:23:19] [Client thread/INFO] [ChatLog] JourneyMap: Auto-mapping vertical chunk 3 (60%).
[07:23:20] [JM-task-4/INFO] [MapRegionTask] Actual chunks mapped in RegionCoord [-1,1]: 325 
[07:23:20] [JM-task-4/INFO] [MapRegionTask] Memory usage at 38%
[07:23:21] [JM-task-4/INFO] [MapRegionTask] Potential chunks to map in RegionCoord [0,0]: 205 of 1024
[07:23:21] [JM-task-4/INFO] [MapRegionTask] Actual chunks mapped in RegionCoord [0,0]: 205 
[07:23:21] [JM-task-4/INFO] [MapRegionTask] Memory usage at 51%
[07:23:21] [JM-task-4/INFO] [MapRegionTask] Potential chunks to map in RegionCoord [0,-1]: 1 of 1024
[07:23:21] [JM-task-4/INFO] [MapRegionTask] Actual chunks mapped in RegionCoord [0,-1]: 1 
[07:23:21] [JM-task-4/INFO] [MapRegionTask] Memory usage at 51%
[07:23:21] [Client thread/INFO] [ChatLog] JourneyMap: Auto-mapping vertical chunk 3 (80%).
[07:23:22] [JM-task-4/INFO] [MapRegionTask] Potential chunks to map in RegionCoord [0,1]: 37 of 1024
[07:23:22] [JM-task-4/INFO] [MapRegionTask] Actual chunks mapped in RegionCoord [0,1]: 37 
[07:23:22] [JM-task-4/INFO] [MapRegionTask] Memory usage at 54%
[07:23:23] [Client thread/INFO] [ChatLog] JourneyMap: Auto-mapping vertical chunk 3 (100%).
[07:23:24] [Client thread/INFO] [ChatLog] JourneyMap: Auto-mapping of vertical chunk 3 has stopped.
[07:28:21] [Client thread/INFO] [StateTickHandler] Falkaga died at BlockPos{x=-184, y=78, z=282}. Deathpoints enabled: true. Deathpoint created: true
[07:41:21] [Client thread/INFO] [JourneymapClient] Mapping halted in C:\Users\mathe\Twitch\Minecraft\Instances\New NTC\journeymap\data\sp\5\DIM0
[07:41:27] [Client thread/INFO] [WaypointStore] Loaded 1 waypoints from C:\Users\mathe\Twitch\Minecraft\Instances\New NTC\journeymap\data\sp\5\waypoints
[07:41:27] [Client thread/INFO] [JourneymapClient] Mapping started in C:\Users\mathe\Twitch\Minecraft\Instances\New NTC\journeymap\data\sp\5\DIM144. Memory: 3820MB total, 2463MB free 
[07:41:27] [Netty Local Client IO #0/INFO] [JourneymapClient] Teleport Enabled:true
[07:41:27] [Netty Local Client IO #0/INFO] [JourneymapClient] Server Admin Enabled:true
[07:45:52] [Client thread/INFO] [JourneymapClient] Mapping halted in C:\Users\mathe\Twitch\Minecraft\Instances\New NTC\journeymap\data\sp\5\DIM144
[07:45:53] [Client thread/INFO] [WaypointStore] Loaded 1 waypoints from C:\Users\mathe\Twitch\Minecraft\Instances\New NTC\journeymap\data\sp\5\waypoints
[07:45:53] [Client thread/INFO] [JourneymapClient] Mapping started in C:\Users\mathe\Twitch\Minecraft\Instances\New NTC\journeymap\data\sp\5\DIM0. Memory: 3891MB total, 2385MB free 
[07:45:53] [Netty Local Client IO #0/INFO] [JourneymapClient] Teleport Enabled:true
[07:45:53] [Netty Local Client IO #0/INFO] [JourneymapClient] Server Admin Enabled:true
[07:47:00] [Client thread/INFO] [JourneymapClient] Mapping halted in C:\Users\mathe\Twitch\Minecraft\Instances\New NTC\journeymap\data\sp\5\DIM0
[07:47:03] [Client thread/INFO] [WaypointStore] Loaded 1 waypoints from C:\Users\mathe\Twitch\Minecraft\Instances\New NTC\journeymap\data\sp\5\waypoints
[07:47:03] [Client thread/INFO] [JourneymapClient] Mapping started in C:\Users\mathe\Twitch\Minecraft\Instances\New NTC\journeymap\data\sp\5\DIM144. Memory: 3764MB total, 2196MB free 
[07:47:03] [Netty Local Client IO #0/INFO] [JourneymapClient] Teleport Enabled:true
[07:47:03] [Netty Local Client IO #0/INFO] [JourneymapClient] Server Admin Enabled:true
[07:47:19] [Client thread/INFO] [JourneymapClient] Mapping halted in C:\Users\mathe\Twitch\Minecraft\Instances\New NTC\journeymap\data\sp\5\DIM144
[07:47:22] [Client thread/INFO] [WaypointStore] Loaded 1 waypoints from C:\Users\mathe\Twitch\Minecraft\Instances\New NTC\journeymap\data\sp\5\waypoints
[07:47:22] [Client thread/INFO] [JourneymapClient] Mapping started in C:\Users\mathe\Twitch\Minecraft\Instances\New NTC\journeymap\data\sp\5\DIM0. Memory: 3783MB total, 2316MB free 
[07:47:22] [Netty Local Client IO #0/INFO] [JourneymapClient] Teleport Enabled:true
[07:47:22] [Netty Local Client IO #0/INFO] [JourneymapClient] Server Admin Enabled:true
[07:47:49] [Client thread/INFO] [JourneymapClient] Mapping halted in C:\Users\mathe\Twitch\Minecraft\Instances\New NTC\journeymap\data\sp\5\DIM0
[07:47:50] [Client thread/INFO] [WaypointStore] Loaded 1 waypoints from C:\Users\mathe\Twitch\Minecraft\Instances\New NTC\journeymap\data\sp\5\waypoints
[07:47:50] [Client thread/INFO] [JourneymapClient] Mapping started in C:\Users\mathe\Twitch\Minecraft\Instances\New NTC\journeymap\data\sp\5\DIM144. Memory: 3819MB total, 2160MB free 
[07:47:50] [Netty Local Client IO #0/INFO] [JourneymapClient] Teleport Enabled:true
[07:47:50] [Netty Local Client IO #0/INFO] [JourneymapClient] Server Admin Enabled:true
[07:47:56] [Client thread/INFO] [JourneymapClient] Mapping halted in C:\Users\mathe\Twitch\Minecraft\Instances\New NTC\journeymap\data\sp\5\DIM144
[07:48:00] [Client thread/INFO] [WaypointStore] Loaded 1 waypoints from C:\Users\mathe\Twitch\Minecraft\Instances\New NTC\journeymap\data\sp\5\waypoints
[07:48:00] [Client thread/INFO] [JourneymapClient] Mapping started in C:\Users\mathe\Twitch\Minecraft\Instances\New NTC\journeymap\data\sp\5\DIM0. Memory: 3820MB total, 2091MB free 
[07:48:00] [Netty Local Client IO #0/INFO] [JourneymapClient] Teleport Enabled:true
[07:48:00] [Netty Local Client IO #0/INFO] [JourneymapClient] Server Admin Enabled:true
[07:48:02] [Client thread/INFO] [JourneymapClient] Mapping halted in C:\Users\mathe\Twitch\Minecraft\Instances\New NTC\journeymap\data\sp\5\DIM0
[07:48:03] [Client thread/INFO] [WaypointStore] Loaded 1 waypoints from C:\Users\mathe\Twitch\Minecraft\Instances\New NTC\journeymap\data\sp\5\waypoints
[07:48:03] [Client thread/INFO] [JourneymapClient] Mapping started in C:\Users\mathe\Twitch\Minecraft\Instances\New NTC\journeymap\data\sp\5\DIM144. Memory: 3805MB total, 2172MB free 
[07:48:03] [Netty Local Client IO #0/INFO] [JourneymapClient] Teleport Enabled:true
[07:48:03] [Netty Local Client IO #0/INFO] [JourneymapClient] Server Admin Enabled:true
[07:48:29] [Client thread/INFO] [JourneymapClient] Mapping halted in C:\Users\mathe\Twitch\Minecraft\Instances\New NTC\journeymap\data\sp\5\DIM144
[07:48:30] [Client thread/INFO] [WaypointStore] Loaded 1 waypoints from C:\Users\mathe\Twitch\Minecraft\Instances\New NTC\journeymap\data\sp\5\waypoints
[07:48:30] [Client thread/INFO] [JourneymapClient] Mapping started in C:\Users\mathe\Twitch\Minecraft\Instances\New NTC\journeymap\data\sp\5\DIM0. Memory: 3798MB total, 2130MB free 
[07:48:30] [Netty Local Client IO #0/INFO] [JourneymapClient] Teleport Enabled:true
[07:48:30] [Netty Local Client IO #0/INFO] [JourneymapClient] Server Admin Enabled:true
[07:48:56] [Client thread/INFO] [JourneymapClient] Mapping halted in C:\Users\mathe\Twitch\Minecraft\Instances\New NTC\journeymap\data\sp\5\DIM0
[07:48:56] [Client thread/INFO] [WaypointStore] Loaded 1 waypoints from C:\Users\mathe\Twitch\Minecraft\Instances\New NTC\journeymap\data\sp\5\waypoints
[07:48:56] [Client thread/INFO] [JourneymapClient] Mapping started in C:\Users\mathe\Twitch\Minecraft\Instances\New NTC\journeymap\data\sp\5\DIM144. Memory: 3798MB total, 2050MB free 
[07:48:56] [Netty Local Client IO #0/INFO] [JourneymapClient] Teleport Enabled:true
[07:48:56] [Netty Local Client IO #0/INFO] [JourneymapClient] Server Admin Enabled:true
[07:51:46] [Client thread/INFO] [JourneymapClient] Mapping halted in C:\Users\mathe\Twitch\Minecraft\Instances\New NTC\journeymap\data\sp\5\DIM144
[07:51:47] [Client thread/INFO] [WaypointStore] Loaded 1 waypoints from C:\Users\mathe\Twitch\Minecraft\Instances\New NTC\journeymap\data\sp\5\waypoints
[07:51:47] [Client thread/INFO] [JourneymapClient] Mapping started in C:\Users\mathe\Twitch\Minecraft\Instances\New NTC\journeymap\data\sp\5\DIM0. Memory: 3816MB total, 1967MB free 
[07:51:47] [Netty Local Client IO #0/INFO] [JourneymapClient] Teleport Enabled:true
[07:51:47] [Netty Local Client IO #0/INFO] [JourneymapClient] Server Admin Enabled:true
[07:52:50] [Client thread/INFO] [JourneymapClient] Mapping halted in C:\Users\mathe\Twitch\Minecraft\Instances\New NTC\journeymap\data\sp\5\DIM0
[07:52:54] [Client thread/INFO] [WaypointStore] Loaded 1 waypoints from C:\Users\mathe\Twitch\Minecraft\Instances\New NTC\journeymap\data\sp\5\waypoints
[07:52:54] [Client thread/INFO] [JourneymapClient] Mapping started in C:\Users\mathe\Twitch\Minecraft\Instances\New NTC\journeymap\data\sp\5\DIM144. Memory: 3808MB total, 2147MB free 
[07:52:54] [Netty Local Client IO #0/INFO] [JourneymapClient] Teleport Enabled:true
[07:52:54] [Netty Local Client IO #0/INFO] [JourneymapClient] Server Admin Enabled:true
[07:56:58] [Client thread/INFO] [JourneymapClient] Mapping halted in C:\Users\mathe\Twitch\Minecraft\Instances\New NTC\journeymap\data\sp\5\DIM144
[07:57:02] [Client thread/INFO] [WaypointStore] Loaded 1 waypoints from C:\Users\mathe\Twitch\Minecraft\Instances\New NTC\journeymap\data\sp\5\waypoints
[07:57:02] [Client thread/INFO] [JourneymapClient] Mapping started in C:\Users\mathe\Twitch\Minecraft\Instances\New NTC\journeymap\data\sp\5\DIM0. Memory: 3884MB total, 2337MB free 
[07:57:02] [Netty Local Client IO #0/INFO] [JourneymapClient] Teleport Enabled:true
[07:57:02] [Netty Local Client IO #0/INFO] [JourneymapClient] Server Admin Enabled:true
[07:59:15] [Client thread/INFO] [JourneymapClient] Mapping halted in C:\Users\mathe\Twitch\Minecraft\Instances\New NTC\journeymap\data\sp\5\DIM0
[07:59:16] [Client thread/INFO] [WaypointStore] Loaded 1 waypoints from C:\Users\mathe\Twitch\Minecraft\Instances\New NTC\journeymap\data\sp\5\waypoints
[07:59:16] [Client thread/INFO] [JourneymapClient] Mapping started in C:\Users\mathe\Twitch\Minecraft\Instances\New NTC\journeymap\data\sp\5\DIM144. Memory: 3783MB total, 2142MB free 
[07:59:16] [Netty Local Client IO #0/INFO] [JourneymapClient] Teleport Enabled:true
[07:59:16] [Netty Local Client IO #0/INFO] [JourneymapClient] Server Admin Enabled:true
[08:01:28] [Client thread/INFO] [JourneymapClient] Mapping halted in C:\Users\mathe\Twitch\Minecraft\Instances\New NTC\journeymap\data\sp\5\DIM144
[08:01:32] [Client thread/INFO] [WaypointStore] Loaded 1 waypoints from C:\Users\mathe\Twitch\Minecraft\Instances\New NTC\journeymap\data\sp\5\waypoints
[08:01:32] [Client thread/INFO] [JourneymapClient] Mapping started in C:\Users\mathe\Twitch\Minecraft\Instances\New NTC\journeymap\data\sp\5\DIM0. Memory: 3773MB total, 2203MB free 
[08:01:32] [Netty Local Client IO #0/INFO] [JourneymapClient] Teleport Enabled:true
[08:01:32] [Netty Local Client IO #0/INFO] [JourneymapClient] Server Admin Enabled:true
[08:01:36] [Client thread/INFO] [JourneymapClient] Mapping halted in C:\Users\mathe\Twitch\Minecraft\Instances\New NTC\journeymap\data\sp\5\DIM0
[08:01:37] [Client thread/INFO] [WaypointStore] Loaded 1 waypoints from C:\Users\mathe\Twitch\Minecraft\Instances\New NTC\journeymap\data\sp\5\waypoints
[08:01:37] [Client thread/INFO] [JourneymapClient] Mapping started in C:\Users\mathe\Twitch\Minecraft\Instances\New NTC\journeymap\data\sp\5\DIM144. Memory: 3806MB total, 2078MB free 
[08:01:37] [Netty Local Client IO #0/INFO] [JourneymapClient] Teleport Enabled:true
[08:01:37] [Netty Local Client IO #0/INFO] [JourneymapClient] Server Admin Enabled:true
[08:01:43] [Client thread/INFO] [JourneymapClient] Mapping halted in C:\Users\mathe\Twitch\Minecraft\Instances\New NTC\journeymap\data\sp\5\DIM144
[08:01:44] [Client thread/INFO] [WaypointStore] Loaded 1 waypoints from C:\Users\mathe\Twitch\Minecraft\Instances\New NTC\journeymap\data\sp\5\waypoints
[08:01:44] [Client thread/INFO] [JourneymapClient] Mapping started in C:\Users\mathe\Twitch\Minecraft\Instances\New NTC\journeymap\data\sp\5\DIM0. Memory: 3780MB total, 1995MB free 
[08:01:44] [Netty Local Client IO #0/INFO] [JourneymapClient] Teleport Enabled:true
[08:01:44] [Netty Local Client IO #0/INFO] [JourneymapClient] Server Admin Enabled:true
[08:02:41] [Client thread/INFO] [JourneymapClient] Mapping halted in C:\Users\mathe\Twitch\Minecraft\Instances\New NTC\journeymap\data\sp\5\DIM0
